<?xml version="1.0" encoding="UTF-8"?>
<!-- Generated by org.testng.reporters.JUnitReportReporter -->
<testsuite hostname="Almazs-MBP.fios-router.home" failures="0" tests="2" name="qaclickacademy.AppiumTest" time="0.012" errors="0" timestamp="07 Mar 2020 17:18:56 GMT" skipped="0">
  <testcase classname="qaclickacademy.AppiumTest" name="NativeAPAndroid" time="0.000"/>
  <testcase classname="qaclickacademy.AppiumTest" name="IOSApps" time="0.012"/>
</testsuite> <!-- qaclickacademy.AppiumTest -->
